Performing C SOURCE FILE Test CMAKE_HAVE_LIBC_PTHREAD failed with the following output:
Change Dir: /exp/uboone/app/users/nlane/NeutralKaonCode/srcs/ubana/ubana/PionMomentumLikelihood/Transformer/build/CMakeFiles/CMakeTmp

Run Build Command(s):/usr/bin/gmake -f Makefile cmTC_607fa/fast && /usr/bin/gmake  -f CMakeFiles/cmTC_607fa.dir/build.make CMakeFiles/cmTC_607fa.dir/build
gmake[1]: Entering directory `/exp/uboone/app/users/nlane/NeutralKaonCode/srcs/ubana/ubana/PionMomentumLikelihood/Transformer/build/CMakeFiles/CMakeTmp'
Building C object CMakeFiles/cmTC_607fa.dir/src.c.o
/cvmfs/larsoft.opensciencegrid.org/products/gcc/v12_1_0/Linux64bit+3.10-2.17/bin/cc -DCMAKE_HAVE_LIBC_PTHREAD   -o CMakeFiles/cmTC_607fa.dir/src.c.o -c /exp/uboone/app/users/nlane/NeutralKaonCode/srcs/ubana/ubana/PionMomentumLikelihood/Transformer/build/CMakeFiles/CMakeTmp/src.c
Linking C executable cmTC_607fa
/cvmfs/larsoft.opensciencegrid.org/products/cmake/v3_24_1/Linux64bit+3.10-2.17/bin/cmake -E cmake_link_script CMakeFiles/cmTC_607fa.dir/link.txt --verbose=1
/cvmfs/larsoft.opensciencegrid.org/products/gcc/v12_1_0/Linux64bit+3.10-2.17/bin/cc -rdynamic CMakeFiles/cmTC_607fa.dir/src.c.o -o cmTC_607fa 
CMakeFiles/cmTC_607fa.dir/src.c.o: In function `main':
src.c:(.text+0x2d): undefined reference to `pthread_create'
src.c:(.text+0x39): undefined reference to `pthread_detach'
src.c:(.text+0x45): undefined reference to `pthread_cancel'
src.c:(.text+0x56): undefined reference to `pthread_join'
src.c:(.text+0x6a): undefined reference to `pthread_atfork'
collect2: error: ld returned 1 exit status
gmake[1]: *** [cmTC_607fa] Error 1
gmake[1]: Leaving directory `/exp/uboone/app/users/nlane/NeutralKaonCode/srcs/ubana/ubana/PionMomentumLikelihood/Transformer/build/CMakeFiles/CMakeTmp'
gmake: *** [cmTC_607fa/fast] Error 2


Source file was:
#include <pthread.h>

static void* test_func(void* data)
{
  return data;
}

int main(void)
{
  pthread_t thread;
  pthread_create(&thread, NULL, test_func, NULL);
  pthread_detach(thread);
  pthread_cancel(thread);
  pthread_join(thread, NULL);
  pthread_atfork(NULL, NULL, NULL);
  pthread_exit(NULL);

  return 0;
}

Determining if the function pthread_create exists in the pthreads failed with the following output:
Change Dir: /exp/uboone/app/users/nlane/NeutralKaonCode/srcs/ubana/ubana/PionMomentumLikelihood/Transformer/build/CMakeFiles/CMakeTmp

Run Build Command(s):/usr/bin/gmake -f Makefile cmTC_72e26/fast && /usr/bin/gmake  -f CMakeFiles/cmTC_72e26.dir/build.make CMakeFiles/cmTC_72e26.dir/build
gmake[1]: Entering directory `/exp/uboone/app/users/nlane/NeutralKaonCode/srcs/ubana/ubana/PionMomentumLikelihood/Transformer/build/CMakeFiles/CMakeTmp'
Building C object CMakeFiles/cmTC_72e26.dir/CheckFunctionExists.c.o
/cvmfs/larsoft.opensciencegrid.org/products/gcc/v12_1_0/Linux64bit+3.10-2.17/bin/cc   -DCHECK_FUNCTION_EXISTS=pthread_create -o CMakeFiles/cmTC_72e26.dir/CheckFunctionExists.c.o -c /cvmfs/larsoft.opensciencegrid.org/products/cmake/v3_24_1/Linux64bit+3.10-2.17/share/cmake-3.24/Modules/CheckFunctionExists.c
Linking C executable cmTC_72e26
/cvmfs/larsoft.opensciencegrid.org/products/cmake/v3_24_1/Linux64bit+3.10-2.17/bin/cmake -E cmake_link_script CMakeFiles/cmTC_72e26.dir/link.txt --verbose=1
/cvmfs/larsoft.opensciencegrid.org/products/gcc/v12_1_0/Linux64bit+3.10-2.17/bin/cc  -DCHECK_FUNCTION_EXISTS=pthread_create -rdynamic CMakeFiles/cmTC_72e26.dir/CheckFunctionExists.c.o -o cmTC_72e26  -lpthreads 
/usr/bin/ld: cannot find -lpthreads
collect2: error: ld returned 1 exit status
gmake[1]: *** [cmTC_72e26] Error 1
gmake[1]: Leaving directory `/exp/uboone/app/users/nlane/NeutralKaonCode/srcs/ubana/ubana/PionMomentumLikelihood/Transformer/build/CMakeFiles/CMakeTmp'
gmake: *** [cmTC_72e26/fast] Error 2



