The system is: Linux - 5.14.0-427.16.1.el9_4.x86_64 - x86_64
Compiling the C compiler identification source file "CMakeCCompilerId.c" succeeded.
Compiler: /cvmfs/larsoft.opensciencegrid.org/products/gcc/v12_1_0/Linux64bit+3.10-2.17/bin/cc 
Build flags: 
Id flags:  

The output was:
0


Compilation of the C compiler identification source "CMakeCCompilerId.c" produced "a.out"

The C compiler identification is GNU, found in "/exp/uboone/app/users/nlane/NeutralKaonCode/srcs/ubana/ubana/PionMomentumLikelihood/Transformer/build/CMakeFiles/3.24.1/CompilerIdC/a.out"

Compiling the CXX compiler identification source file "CMakeCXXCompilerId.cpp" succeeded.
Compiler: /cvmfs/larsoft.opensciencegrid.org/products/gcc/v12_1_0/Linux64bit+3.10-2.17/bin/c++ 
Build flags: 
Id flags:  

The output was:
0


Compilation of the CXX compiler identification source "CMakeCXXCompilerId.cpp" produced "a.out"

The CXX compiler identification is GNU, found in "/exp/uboone/app/users/nlane/NeutralKaonCode/srcs/ubana/ubana/PionMomentumLikelihood/Transformer/build/CMakeFiles/3.24.1/CompilerIdCXX/a.out"

Detecting C compiler ABI info compiled with the following output:
Change Dir: /exp/uboone/app/users/nlane/NeutralKaonCode/srcs/ubana/ubana/PionMomentumLikelihood/Transformer/build/CMakeFiles/CMakeTmp

Run Build Command(s):/usr/bin/gmake -f Makefile cmTC_e6ab6/fast && /usr/bin/gmake  -f CMakeFiles/cmTC_e6ab6.dir/build.make CMakeFiles/cmTC_e6ab6.dir/build
gmake[1]: Entering directory `/exp/uboone/app/users/nlane/NeutralKaonCode/srcs/ubana/ubana/PionMomentumLikelihood/Transformer/build/CMakeFiles/CMakeTmp'
Building C object CMakeFiles/cmTC_e6ab6.dir/CMakeCCompilerABI.c.o
/cvmfs/larsoft.opensciencegrid.org/products/gcc/v12_1_0/Linux64bit+3.10-2.17/bin/cc   -v -o CMakeFiles/cmTC_e6ab6.dir/CMakeCCompilerABI.c.o -c /cvmfs/larsoft.opensciencegrid.org/products/cmake/v3_24_1/Linux64bit+3.10-2.17/share/cmake-3.24/Modules/CMakeCCompilerABI.c
Using built-in specs.
COLLECT_GCC=/cvmfs/larsoft.opensciencegrid.org/products/gcc/v12_1_0/Linux64bit+3.10-2.17/bin/cc
Target: x86_64-pc-linux-gnu
Configured with: /scratch/workspace/art-build-base/v12_00_00-e26/SLF7/build/gcc/v12_1_0/src/gcc-12.1.0/configure --enable-__cxa_atexit --enable-checking=release --enable-compressed-debug-sections=all --enable-languages=c,c++,fortran,go,objc,obj-c++ --enable-libstdcxx-time=rt --enable-plugin --enable-stage1-checking=all --enable-threads=posix --prefix=/scratch/workspace/art-build-base/v12_00_00-e26/SLF7/build/gcc/v12_1_0/Linux64bit+3.10-2.17 --with-system-zlib --enable-lto --with-zstd --enable-link-serialization=15
Thread model: posix
Supported LTO compression algorithms: zlib zstd
gcc version 12.1.0 (GCC) 
COLLECT_GCC_OPTIONS='-v' '-o' 'CMakeFiles/cmTC_e6ab6.dir/CMakeCCompilerABI.c.o' '-c' '-mtune=generic' '-march=x86-64' '-dumpdir' 'CMakeFiles/cmTC_e6ab6.dir/'
 /cvmfs/larsoft.opensciencegrid.org/products/gcc/v12_1_0/Linux64bit+3.10-2.17/bin/../libexec/gcc/x86_64-pc-linux-gnu/12.1.0/cc1 -quiet -v -iprefix /cvmfs/larsoft.opensciencegrid.org/products/gcc/v12_1_0/Linux64bit+3.10-2.17/bin/../lib/gcc/x86_64-pc-linux-gnu/12.1.0/ /cvmfs/larsoft.opensciencegrid.org/products/cmake/v3_24_1/Linux64bit+3.10-2.17/share/cmake-3.24/Modules/CMakeCCompilerABI.c -quiet -dumpdir CMakeFiles/cmTC_e6ab6.dir/ -dumpbase CMakeCCompilerABI.c.c -dumpbase-ext .c -mtune=generic -march=x86-64 -version -o /tmp/ccNgMgxT.s
GNU C17 (GCC) version 12.1.0 (x86_64-pc-linux-gnu)
	compiled by GNU C version 12.1.0, GMP version 6.2.1, MPFR version 4.1.0-p13, MPC version 1.2.1, isl version isl-0.24-GMP

GGC heuristics: --param ggc-min-expand=100 --param ggc-min-heapsize=131072
ignoring nonexistent directory "/cvmfs/larsoft.opensciencegrid.org/products/gcc/v12_1_0/Linux64bit+3.10-2.17/bin/../lib/gcc/x86_64-pc-linux-gnu/12.1.0/../../../../x86_64-pc-linux-gnu/include"
ignoring duplicate directory "/cvmfs/larsoft.opensciencegrid.org/products/gcc/v12_1_0/Linux64bit+3.10-2.17/bin/../lib/gcc/../../lib/gcc/x86_64-pc-linux-gnu/12.1.0/include"
ignoring duplicate directory "/cvmfs/larsoft.opensciencegrid.org/products/gcc/v12_1_0/Linux64bit+3.10-2.17/bin/../lib/gcc/../../lib/gcc/x86_64-pc-linux-gnu/12.1.0/include-fixed"
ignoring nonexistent directory "/cvmfs/larsoft.opensciencegrid.org/products/gcc/v12_1_0/Linux64bit+3.10-2.17/bin/../lib/gcc/../../lib/gcc/x86_64-pc-linux-gnu/12.1.0/../../../../x86_64-pc-linux-gnu/include"
#include "..." search starts here:
#include <...> search starts here:
 /cvmfs/larsoft.opensciencegrid.org/products/tbb/v2021_9_0/Linux64bit+3.10-2.17-e26/include
 /cvmfs/larsoft.opensciencegrid.org/products/gcc/v12_1_0/Linux64bit+3.10-2.17/bin/../lib/gcc/x86_64-pc-linux-gnu/12.1.0/include
 /cvmfs/larsoft.opensciencegrid.org/products/gcc/v12_1_0/Linux64bit+3.10-2.17/bin/../lib/gcc/x86_64-pc-linux-gnu/12.1.0/include-fixed
 /usr/local/include
 /cvmfs/larsoft.opensciencegrid.org/products/gcc/v12_1_0/Linux64bit+3.10-2.17/bin/../lib/gcc/../../include
 /usr/include
End of search list.
GNU C17 (GCC) version 12.1.0 (x86_64-pc-linux-gnu)
	compiled by GNU C version 12.1.0, GMP version 6.2.1, MPFR version 4.1.0-p13, MPC version 1.2.1, isl version isl-0.24-GMP

GGC heuristics: --param ggc-min-expand=100 --param ggc-min-heapsize=131072
Compiler executable checksum: ce702590689113c77b9777e394cd57cb
COLLECT_GCC_OPTIONS='-v' '-o' 'CMakeFiles/cmTC_e6ab6.dir/CMakeCCompilerABI.c.o' '-c' '-mtune=generic' '-march=x86-64' '-dumpdir' 'CMakeFiles/cmTC_e6ab6.dir/'
 as -v --64 -o CMakeFiles/cmTC_e6ab6.dir/CMakeCCompilerABI.c.o /tmp/ccNgMgxT.s
GNU assembler version 2.27 (x86_64-redhat-linux) using BFD version version 2.27-44.base.el7_9.1
COMPILER_PATH=/cvmfs/larsoft.opensciencegrid.org/products/gcc/v12_1_0/Linux64bit+3.10-2.17/bin/../libexec/gcc/x86_64-pc-linux-gnu/12.1.0/:/cvmfs/larsoft.opensciencegrid.org/products/gcc/v12_1_0/Linux64bit+3.10-2.17/bin/../libexec/gcc/:/cvmfs/larsoft.opensciencegrid.org/products/gcc/v12_1_0/Linux64bit+3.10-2.17/bin/
LIBRARY_PATH=/cvmfs/larsoft.opensciencegrid.org/products/gcc/v12_1_0/Linux64bit+3.10-2.17/bin/../lib/gcc/x86_64-pc-linux-gnu/12.1.0/:/cvmfs/larsoft.opensciencegrid.org/products/gcc/v12_1_0/Linux64bit+3.10-2.17/bin/../lib/gcc/:/cvmfs/larsoft.opensciencegrid.org/products/gcc/v12_1_0/Linux64bit+3.10-2.17/bin/../lib/gcc/x86_64-pc-linux-gnu/12.1.0/../../../../lib64/:/lib/../lib64/:/usr/lib/../lib64/:/cvmfs/larsoft.opensciencegrid.org/products/gcc/v12_1_0/Linux64bit+3.10-2.17/bin/../lib/gcc/x86_64-pc-linux-gnu/12.1.0/../../../:/lib/:/usr/lib/
COLLECT_GCC_OPTIONS='-v' '-o' 'CMakeFiles/cmTC_e6ab6.dir/CMakeCCompilerABI.c.o' '-c' '-mtune=generic' '-march=x86-64' '-dumpdir' 'CMakeFiles/cmTC_e6ab6.dir/CMakeCCompilerABI.c.'
Linking C executable cmTC_e6ab6
/cvmfs/larsoft.opensciencegrid.org/products/cmake/v3_24_1/Linux64bit+3.10-2.17/bin/cmake -E cmake_link_script CMakeFiles/cmTC_e6ab6.dir/link.txt --verbose=1
/cvmfs/larsoft.opensciencegrid.org/products/gcc/v12_1_0/Linux64bit+3.10-2.17/bin/cc  -v -rdynamic CMakeFiles/cmTC_e6ab6.dir/CMakeCCompilerABI.c.o -o cmTC_e6ab6 
Using built-in specs.
COLLECT_GCC=/cvmfs/larsoft.opensciencegrid.org/products/gcc/v12_1_0/Linux64bit+3.10-2.17/bin/cc
COLLECT_LTO_WRAPPER=/cvmfs/larsoft.opensciencegrid.org/products/gcc/v12_1_0/Linux64bit+3.10-2.17/bin/../libexec/gcc/x86_64-pc-linux-gnu/12.1.0/lto-wrapper
Target: x86_64-pc-linux-gnu
Configured with: /scratch/workspace/art-build-base/v12_00_00-e26/SLF7/build/gcc/v12_1_0/src/gcc-12.1.0/configure --enable-__cxa_atexit --enable-checking=release --enable-compressed-debug-sections=all --enable-languages=c,c++,fortran,go,objc,obj-c++ --enable-libstdcxx-time=rt --enable-plugin --enable-stage1-checking=all --enable-threads=posix --prefix=/scratch/workspace/art-build-base/v12_00_00-e26/SLF7/build/gcc/v12_1_0/Linux64bit+3.10-2.17 --with-system-zlib --enable-lto --with-zstd --enable-link-serialization=15
Thread model: posix
Supported LTO compression algorithms: zlib zstd
gcc version 12.1.0 (GCC) 
COMPILER_PATH=/cvmfs/larsoft.opensciencegrid.org/products/gcc/v12_1_0/Linux64bit+3.10-2.17/bin/../libexec/gcc/x86_64-pc-linux-gnu/12.1.0/:/cvmfs/larsoft.opensciencegrid.org/products/gcc/v12_1_0/Linux64bit+3.10-2.17/bin/../libexec/gcc/:/cvmfs/larsoft.opensciencegrid.org/products/gcc/v12_1_0/Linux64bit+3.10-2.17/bin/
LIBRARY_PATH=/cvmfs/larsoft.opensciencegrid.org/products/gcc/v12_1_0/Linux64bit+3.10-2.17/bin/../lib/gcc/x86_64-pc-linux-gnu/12.1.0/:/cvmfs/larsoft.opensciencegrid.org/products/gcc/v12_1_0/Linux64bit+3.10-2.17/bin/../lib/gcc/:/cvmfs/larsoft.opensciencegrid.org/products/gcc/v12_1_0/Linux64bit+3.10-2.17/bin/../lib/gcc/x86_64-pc-linux-gnu/12.1.0/../../../../lib64/:/lib/../lib64/:/usr/lib/../lib64/:/cvmfs/larsoft.opensciencegrid.org/products/gcc/v12_1_0/Linux64bit+3.10-2.17/bin/../lib/gcc/x86_64-pc-linux-gnu/12.1.0/../../../:/lib/:/usr/lib/
COLLECT_GCC_OPTIONS='-v' '-rdynamic' '-o' 'cmTC_e6ab6' '-mtune=generic' '-march=x86-64' '-dumpdir' 'cmTC_e6ab6.'
 /cvmfs/larsoft.opensciencegrid.org/products/gcc/v12_1_0/Linux64bit+3.10-2.17/bin/../libexec/gcc/x86_64-pc-linux-gnu/12.1.0/collect2 -plugin /cvmfs/larsoft.opensciencegrid.org/products/gcc/v12_1_0/Linux64bit+3.10-2.17/bin/../libexec/gcc/x86_64-pc-linux-gnu/12.1.0/liblto_plugin.so -plugin-opt=/cvmfs/larsoft.opensciencegrid.org/products/gcc/v12_1_0/Linux64bit+3.10-2.17/bin/../libexec/gcc/x86_64-pc-linux-gnu/12.1.0/lto-wrapper -plugin-opt=-fresolution=/tmp/cc4FEuwU.res -plugin-opt=-pass-through=-lgcc -plugin-opt=-pass-through=-lgcc_s -plugin-opt=-pass-through=-lc -plugin-opt=-pass-through=-lgcc -plugin-opt=-pass-through=-lgcc_s --eh-frame-hdr -m elf_x86_64 -export-dynamic -dynamic-linker /lib64/ld-linux-x86-64.so.2 -o cmTC_e6ab6 /lib/../lib64/crt1.o /lib/../lib64/crti.o /cvmfs/larsoft.opensciencegrid.org/products/gcc/v12_1_0/Linux64bit+3.10-2.17/bin/../lib/gcc/x86_64-pc-linux-gnu/12.1.0/crtbegin.o -L/cvmfs/larsoft.opensciencegrid.org/products/gcc/v12_1_0/Linux64bit+3.10-2.17/bin/../lib/gcc/x86_64-pc-linux-gnu/12.1.0 -L/cvmfs/larsoft.opensciencegrid.org/products/gcc/v12_1_0/Linux64bit+3.10-2.17/bin/../lib/gcc -L/cvmfs/larsoft.opensciencegrid.org/products/gcc/v12_1_0/Linux64bit+3.10-2.17/bin/../lib/gcc/x86_64-pc-linux-gnu/12.1.0/../../../../lib64 -L/lib/../lib64 -L/usr/lib/../lib64 -L/cvmfs/larsoft.opensciencegrid.org/products/gcc/v12_1_0/Linux64bit+3.10-2.17/bin/../lib/gcc/x86_64-pc-linux-gnu/12.1.0/../../.. CMakeFiles/cmTC_e6ab6.dir/CMakeCCompilerABI.c.o -lgcc --as-needed -lgcc_s --no-as-needed -lc -lgcc --as-needed -lgcc_s --no-as-needed /cvmfs/larsoft.opensciencegrid.org/products/gcc/v12_1_0/Linux64bit+3.10-2.17/bin/../lib/gcc/x86_64-pc-linux-gnu/12.1.0/crtend.o /lib/../lib64/crtn.o
COLLECT_GCC_OPTIONS='-v' '-rdynamic' '-o' 'cmTC_e6ab6' '-mtune=generic' '-march=x86-64' '-dumpdir' 'cmTC_e6ab6.'
gmake[1]: Leaving directory `/exp/uboone/app/users/nlane/NeutralKaonCode/srcs/ubana/ubana/PionMomentumLikelihood/Transformer/build/CMakeFiles/CMakeTmp'



Parsed C implicit include dir info from above output: rv=done
  found start of include info
  found start of implicit include info
    add: [/cvmfs/larsoft.opensciencegrid.org/products/tbb/v2021_9_0/Linux64bit+3.10-2.17-e26/include]
    add: [/cvmfs/larsoft.opensciencegrid.org/products/gcc/v12_1_0/Linux64bit+3.10-2.17/bin/../lib/gcc/x86_64-pc-linux-gnu/12.1.0/include]
    add: [/cvmfs/larsoft.opensciencegrid.org/products/gcc/v12_1_0/Linux64bit+3.10-2.17/bin/../lib/gcc/x86_64-pc-linux-gnu/12.1.0/include-fixed]
    add: [/usr/local/include]
    add: [/cvmfs/larsoft.opensciencegrid.org/products/gcc/v12_1_0/Linux64bit+3.10-2.17/bin/../lib/gcc/../../include]
    add: [/usr/include]
  end of search list found
  collapse include dir [/cvmfs/larsoft.opensciencegrid.org/products/tbb/v2021_9_0/Linux64bit+3.10-2.17-e26/include] ==> [/cvmfs/larsoft.opensciencegrid.org/products/tbb/v2021_9_0/Linux64bit+3.10-2.17-e26/include]
  collapse include dir [/cvmfs/larsoft.opensciencegrid.org/products/gcc/v12_1_0/Linux64bit+3.10-2.17/bin/../lib/gcc/x86_64-pc-linux-gnu/12.1.0/include] ==> [/cvmfs/larsoft.opensciencegrid.org/products/gcc/v12_1_0/Linux64bit+3.10-2.17/lib/gcc/x86_64-pc-linux-gnu/12.1.0/include]
  collapse include dir [/cvmfs/larsoft.opensciencegrid.org/products/gcc/v12_1_0/Linux64bit+3.10-2.17/bin/../lib/gcc/x86_64-pc-linux-gnu/12.1.0/include-fixed] ==> [/cvmfs/larsoft.opensciencegrid.org/products/gcc/v12_1_0/Linux64bit+3.10-2.17/lib/gcc/x86_64-pc-linux-gnu/12.1.0/include-fixed]
  collapse include dir [/usr/local/include] ==> [/usr/local/include]
  collapse include dir [/cvmfs/larsoft.opensciencegrid.org/products/gcc/v12_1_0/Linux64bit+3.10-2.17/bin/../lib/gcc/../../include] ==> [/cvmfs/larsoft.opensciencegrid.org/products/gcc/v12_1_0/Linux64bit+3.10-2.17/include]
  collapse include dir [/usr/include] ==> [/usr/include]
  implicit include dirs: [/cvmfs/larsoft.opensciencegrid.org/products/tbb/v2021_9_0/Linux64bit+3.10-2.17-e26/include;/cvmfs/larsoft.opensciencegrid.org/products/gcc/v12_1_0/Linux64bit+3.10-2.17/lib/gcc/x86_64-pc-linux-gnu/12.1.0/include;/cvmfs/larsoft.opensciencegrid.org/products/gcc/v12_1_0/Linux64bit+3.10-2.17/lib/gcc/x86_64-pc-linux-gnu/12.1.0/include-fixed;/usr/local/include;/cvmfs/larsoft.opensciencegrid.org/products/gcc/v12_1_0/Linux64bit+3.10-2.17/include;/usr/include]


Parsed C implicit link information from above output:
  link line regex: [^( *|.*[/\])(ld|CMAKE_LINK_STARTFILE-NOTFOUND|([^/\]+-)?ld|collect2)[^/\]*( |$)]
  ignore line: [Change Dir: /exp/uboone/app/users/nlane/NeutralKaonCode/srcs/ubana/ubana/PionMomentumLikelihood/Transformer/build/CMakeFiles/CMakeTmp]
  ignore line: []
  ignore line: [Run Build Command(s):/usr/bin/gmake -f Makefile cmTC_e6ab6/fast && /usr/bin/gmake  -f CMakeFiles/cmTC_e6ab6.dir/build.make CMakeFiles/cmTC_e6ab6.dir/build]
  ignore line: [gmake[1]: Entering directory `/exp/uboone/app/users/nlane/NeutralKaonCode/srcs/ubana/ubana/PionMomentumLikelihood/Transformer/build/CMakeFiles/CMakeTmp']
  ignore line: [Building C object CMakeFiles/cmTC_e6ab6.dir/CMakeCCompilerABI.c.o]
  ignore line: [/cvmfs/larsoft.opensciencegrid.org/products/gcc/v12_1_0/Linux64bit+3.10-2.17/bin/cc   -v -o CMakeFiles/cmTC_e6ab6.dir/CMakeCCompilerABI.c.o -c /cvmfs/larsoft.opensciencegrid.org/products/cmake/v3_24_1/Linux64bit+3.10-2.17/share/cmake-3.24/Modules/CMakeCCompilerABI.c]
  ignore line: [Using built-in specs.]
  ignore line: [COLLECT_GCC=/cvmfs/larsoft.opensciencegrid.org/products/gcc/v12_1_0/Linux64bit+3.10-2.17/bin/cc]
  ignore line: [Target: x86_64-pc-linux-gnu]
  ignore line: [Configured with: /scratch/workspace/art-build-base/v12_00_00-e26/SLF7/build/gcc/v12_1_0/src/gcc-12.1.0/configure --enable-__cxa_atexit --enable-checking=release --enable-compressed-debug-sections=all --enable-languages=c c++ fortran go objc obj-c++ --enable-libstdcxx-time=rt --enable-plugin --enable-stage1-checking=all --enable-threads=posix --prefix=/scratch/workspace/art-build-base/v12_00_00-e26/SLF7/build/gcc/v12_1_0/Linux64bit+3.10-2.17 --with-system-zlib --enable-lto --with-zstd --enable-link-serialization=15]
  ignore line: [Thread model: posix]
  ignore line: [Supported LTO compression algorithms: zlib zstd]
  ignore line: [gcc version 12.1.0 (GCC) ]
  ignore line: [COLLECT_GCC_OPTIONS='-v' '-o' 'CMakeFiles/cmTC_e6ab6.dir/CMakeCCompilerABI.c.o' '-c' '-mtune=generic' '-march=x86-64' '-dumpdir' 'CMakeFiles/cmTC_e6ab6.dir/']
  ignore line: [ /cvmfs/larsoft.opensciencegrid.org/products/gcc/v12_1_0/Linux64bit+3.10-2.17/bin/../libexec/gcc/x86_64-pc-linux-gnu/12.1.0/cc1 -quiet -v -iprefix /cvmfs/larsoft.opensciencegrid.org/products/gcc/v12_1_0/Linux64bit+3.10-2.17/bin/../lib/gcc/x86_64-pc-linux-gnu/12.1.0/ /cvmfs/larsoft.opensciencegrid.org/products/cmake/v3_24_1/Linux64bit+3.10-2.17/share/cmake-3.24/Modules/CMakeCCompilerABI.c -quiet -dumpdir CMakeFiles/cmTC_e6ab6.dir/ -dumpbase CMakeCCompilerABI.c.c -dumpbase-ext .c -mtune=generic -march=x86-64 -version -o /tmp/ccNgMgxT.s]
  ignore line: [GNU C17 (GCC) version 12.1.0 (x86_64-pc-linux-gnu)]
  ignore line: [	compiled by GNU C version 12.1.0  GMP version 6.2.1  MPFR version 4.1.0-p13  MPC version 1.2.1  isl version isl-0.24-GMP]
  ignore line: []
  ignore line: [GGC heuristics: --param ggc-min-expand=100 --param ggc-min-heapsize=131072]
  ignore line: [ignoring nonexistent directory "/cvmfs/larsoft.opensciencegrid.org/products/gcc/v12_1_0/Linux64bit+3.10-2.17/bin/../lib/gcc/x86_64-pc-linux-gnu/12.1.0/../../../../x86_64-pc-linux-gnu/include"]
  ignore line: [ignoring duplicate directory "/cvmfs/larsoft.opensciencegrid.org/products/gcc/v12_1_0/Linux64bit+3.10-2.17/bin/../lib/gcc/../../lib/gcc/x86_64-pc-linux-gnu/12.1.0/include"]
  ignore line: [ignoring duplicate directory "/cvmfs/larsoft.opensciencegrid.org/products/gcc/v12_1_0/Linux64bit+3.10-2.17/bin/../lib/gcc/../../lib/gcc/x86_64-pc-linux-gnu/12.1.0/include-fixed"]
  ignore line: [ignoring nonexistent directory "/cvmfs/larsoft.opensciencegrid.org/products/gcc/v12_1_0/Linux64bit+3.10-2.17/bin/../lib/gcc/../../lib/gcc/x86_64-pc-linux-gnu/12.1.0/../../../../x86_64-pc-linux-gnu/include"]
  ignore line: [#include "..." search starts here:]
  ignore line: [#include <...> search starts here:]
  ignore line: [ /cvmfs/larsoft.opensciencegrid.org/products/tbb/v2021_9_0/Linux64bit+3.10-2.17-e26/include]
  ignore line: [ /cvmfs/larsoft.opensciencegrid.org/products/gcc/v12_1_0/Linux64bit+3.10-2.17/bin/../lib/gcc/x86_64-pc-linux-gnu/12.1.0/include]
  ignore line: [ /cvmfs/larsoft.opensciencegrid.org/products/gcc/v12_1_0/Linux64bit+3.10-2.17/bin/../lib/gcc/x86_64-pc-linux-gnu/12.1.0/include-fixed]
  ignore line: [ /usr/local/include]
  ignore line: [ /cvmfs/larsoft.opensciencegrid.org/products/gcc/v12_1_0/Linux64bit+3.10-2.17/bin/../lib/gcc/../../include]
  ignore line: [ /usr/include]
  ignore line: [End of search list.]
  ignore line: [GNU C17 (GCC) version 12.1.0 (x86_64-pc-linux-gnu)]
  ignore line: [	compiled by GNU C version 12.1.0  GMP version 6.2.1  MPFR version 4.1.0-p13  MPC version 1.2.1  isl version isl-0.24-GMP]
  ignore line: []
  ignore line: [GGC heuristics: --param ggc-min-expand=100 --param ggc-min-heapsize=131072]
  ignore line: [Compiler executable checksum: ce702590689113c77b9777e394cd57cb]
  ignore line: [COLLECT_GCC_OPTIONS='-v' '-o' 'CMakeFiles/cmTC_e6ab6.dir/CMakeCCompilerABI.c.o' '-c' '-mtune=generic' '-march=x86-64' '-dumpdir' 'CMakeFiles/cmTC_e6ab6.dir/']
  ignore line: [ as -v --64 -o CMakeFiles/cmTC_e6ab6.dir/CMakeCCompilerABI.c.o /tmp/ccNgMgxT.s]
  ignore line: [GNU assembler version 2.27 (x86_64-redhat-linux) using BFD version version 2.27-44.base.el7_9.1]
  ignore line: [COMPILER_PATH=/cvmfs/larsoft.opensciencegrid.org/products/gcc/v12_1_0/Linux64bit+3.10-2.17/bin/../libexec/gcc/x86_64-pc-linux-gnu/12.1.0/:/cvmfs/larsoft.opensciencegrid.org/products/gcc/v12_1_0/Linux64bit+3.10-2.17/bin/../libexec/gcc/:/cvmfs/larsoft.opensciencegrid.org/products/gcc/v12_1_0/Linux64bit+3.10-2.17/bin/]
  ignore line: [LIBRARY_PATH=/cvmfs/larsoft.opensciencegrid.org/products/gcc/v12_1_0/Linux64bit+3.10-2.17/bin/../lib/gcc/x86_64-pc-linux-gnu/12.1.0/:/cvmfs/larsoft.opensciencegrid.org/products/gcc/v12_1_0/Linux64bit+3.10-2.17/bin/../lib/gcc/:/cvmfs/larsoft.opensciencegrid.org/products/gcc/v12_1_0/Linux64bit+3.10-2.17/bin/../lib/gcc/x86_64-pc-linux-gnu/12.1.0/../../../../lib64/:/lib/../lib64/:/usr/lib/../lib64/:/cvmfs/larsoft.opensciencegrid.org/products/gcc/v12_1_0/Linux64bit+3.10-2.17/bin/../lib/gcc/x86_64-pc-linux-gnu/12.1.0/../../../:/lib/:/usr/lib/]
  ignore line: [COLLECT_GCC_OPTIONS='-v' '-o' 'CMakeFiles/cmTC_e6ab6.dir/CMakeCCompilerABI.c.o' '-c' '-mtune=generic' '-march=x86-64' '-dumpdir' 'CMakeFiles/cmTC_e6ab6.dir/CMakeCCompilerABI.c.']
  ignore line: [Linking C executable cmTC_e6ab6]
  ignore line: [/cvmfs/larsoft.opensciencegrid.org/products/cmake/v3_24_1/Linux64bit+3.10-2.17/bin/cmake -E cmake_link_script CMakeFiles/cmTC_e6ab6.dir/link.txt --verbose=1]
  ignore line: [/cvmfs/larsoft.opensciencegrid.org/products/gcc/v12_1_0/Linux64bit+3.10-2.17/bin/cc  -v -rdynamic CMakeFiles/cmTC_e6ab6.dir/CMakeCCompilerABI.c.o -o cmTC_e6ab6 ]
  ignore line: [Using built-in specs.]
  ignore line: [COLLECT_GCC=/cvmfs/larsoft.opensciencegrid.org/products/gcc/v12_1_0/Linux64bit+3.10-2.17/bin/cc]
  ignore line: [COLLECT_LTO_WRAPPER=/cvmfs/larsoft.opensciencegrid.org/products/gcc/v12_1_0/Linux64bit+3.10-2.17/bin/../libexec/gcc/x86_64-pc-linux-gnu/12.1.0/lto-wrapper]
  ignore line: [Target: x86_64-pc-linux-gnu]
  ignore line: [Configured with: /scratch/workspace/art-build-base/v12_00_00-e26/SLF7/build/gcc/v12_1_0/src/gcc-12.1.0/configure --enable-__cxa_atexit --enable-checking=release --enable-compressed-debug-sections=all --enable-languages=c c++ fortran go objc obj-c++ --enable-libstdcxx-time=rt --enable-plugin --enable-stage1-checking=all --enable-threads=posix --prefix=/scratch/workspace/art-build-base/v12_00_00-e26/SLF7/build/gcc/v12_1_0/Linux64bit+3.10-2.17 --with-system-zlib --enable-lto --with-zstd --enable-link-serialization=15]
  ignore line: [Thread model: posix]
  ignore line: [Supported LTO compression algorithms: zlib zstd]
  ignore line: [gcc version 12.1.0 (GCC) ]
  ignore line: [COMPILER_PATH=/cvmfs/larsoft.opensciencegrid.org/products/gcc/v12_1_0/Linux64bit+3.10-2.17/bin/../libexec/gcc/x86_64-pc-linux-gnu/12.1.0/:/cvmfs/larsoft.opensciencegrid.org/products/gcc/v12_1_0/Linux64bit+3.10-2.17/bin/../libexec/gcc/:/cvmfs/larsoft.opensciencegrid.org/products/gcc/v12_1_0/Linux64bit+3.10-2.17/bin/]
  ignore line: [LIBRARY_PATH=/cvmfs/larsoft.opensciencegrid.org/products/gcc/v12_1_0/Linux64bit+3.10-2.17/bin/../lib/gcc/x86_64-pc-linux-gnu/12.1.0/:/cvmfs/larsoft.opensciencegrid.org/products/gcc/v12_1_0/Linux64bit+3.10-2.17/bin/../lib/gcc/:/cvmfs/larsoft.opensciencegrid.org/products/gcc/v12_1_0/Linux64bit+3.10-2.17/bin/../lib/gcc/x86_64-pc-linux-gnu/12.1.0/../../../../lib64/:/lib/../lib64/:/usr/lib/../lib64/:/cvmfs/larsoft.opensciencegrid.org/products/gcc/v12_1_0/Linux64bit+3.10-2.17/bin/../lib/gcc/x86_64-pc-linux-gnu/12.1.0/../../../:/lib/:/usr/lib/]
  ignore line: [COLLECT_GCC_OPTIONS='-v' '-rdynamic' '-o' 'cmTC_e6ab6' '-mtune=generic' '-march=x86-64' '-dumpdir' 'cmTC_e6ab6.']
  link line: [ /cvmfs/larsoft.opensciencegrid.org/products/gcc/v12_1_0/Linux64bit+3.10-2.17/bin/../libexec/gcc/x86_64-pc-linux-gnu/12.1.0/collect2 -plugin /cvmfs/larsoft.opensciencegrid.org/products/gcc/v12_1_0/Linux64bit+3.10-2.17/bin/../libexec/gcc/x86_64-pc-linux-gnu/12.1.0/liblto_plugin.so -plugin-opt=/cvmfs/larsoft.opensciencegrid.org/products/gcc/v12_1_0/Linux64bit+3.10-2.17/bin/../libexec/gcc/x86_64-pc-linux-gnu/12.1.0/lto-wrapper -plugin-opt=-fresolution=/tmp/cc4FEuwU.res -plugin-opt=-pass-through=-lgcc -plugin-opt=-pass-through=-lgcc_s -plugin-opt=-pass-through=-lc -plugin-opt=-pass-through=-lgcc -plugin-opt=-pass-through=-lgcc_s --eh-frame-hdr -m elf_x86_64 -export-dynamic -dynamic-linker /lib64/ld-linux-x86-64.so.2 -o cmTC_e6ab6 /lib/../lib64/crt1.o /lib/../lib64/crti.o /cvmfs/larsoft.opensciencegrid.org/products/gcc/v12_1_0/Linux64bit+3.10-2.17/bin/../lib/gcc/x86_64-pc-linux-gnu/12.1.0/crtbegin.o -L/cvmfs/larsoft.opensciencegrid.org/products/gcc/v12_1_0/Linux64bit+3.10-2.17/bin/../lib/gcc/x86_64-pc-linux-gnu/12.1.0 -L/cvmfs/larsoft.opensciencegrid.org/products/gcc/v12_1_0/Linux64bit+3.10-2.17/bin/../lib/gcc -L/cvmfs/larsoft.opensciencegrid.org/products/gcc/v12_1_0/Linux64bit+3.10-2.17/bin/../lib/gcc/x86_64-pc-linux-gnu/12.1.0/../../../../lib64 -L/lib/../lib64 -L/usr/lib/../lib64 -L/cvmfs/larsoft.opensciencegrid.org/products/gcc/v12_1_0/Linux64bit+3.10-2.17/bin/../lib/gcc/x86_64-pc-linux-gnu/12.1.0/../../.. CMakeFiles/cmTC_e6ab6.dir/CMakeCCompilerABI.c.o -lgcc --as-needed -lgcc_s --no-as-needed -lc -lgcc --as-needed -lgcc_s --no-as-needed /cvmfs/larsoft.opensciencegrid.org/products/gcc/v12_1_0/Linux64bit+3.10-2.17/bin/../lib/gcc/x86_64-pc-linux-gnu/12.1.0/crtend.o /lib/../lib64/crtn.o]
    arg [/cvmfs/larsoft.opensciencegrid.org/products/gcc/v12_1_0/Linux64bit+3.10-2.17/bin/../libexec/gcc/x86_64-pc-linux-gnu/12.1.0/collect2] ==> ignore
    arg [-plugin] ==> ignore
    arg [/cvmfs/larsoft.opensciencegrid.org/products/gcc/v12_1_0/Linux64bit+3.10-2.17/bin/../libexec/gcc/x86_64-pc-linux-gnu/12.1.0/liblto_plugin.so] ==> ignore
    arg [-plugin-opt=/cvmfs/larsoft.opensciencegrid.org/products/gcc/v12_1_0/Linux64bit+3.10-2.17/bin/../libexec/gcc/x86_64-pc-linux-gnu/12.1.0/lto-wrapper] ==> ignore
    arg [-plugin-opt=-fresolution=/tmp/cc4FEuwU.res] ==> ignore
    arg [-plugin-opt=-pass-through=-lgcc] ==> ignore
    arg [-plugin-opt=-pass-through=-lgcc_s] ==> ignore
    arg [-plugin-opt=-pass-through=-lc] ==> ignore
    arg [-plugin-opt=-pass-through=-lgcc] ==> ignore
    arg [-plugin-opt=-pass-through=-lgcc_s] ==> ignore
    arg [--eh-frame-hdr] ==> ignore
    arg [-m] ==> ignore
    arg [elf_x86_64] ==> ignore
    arg [-export-dynamic] ==> ignore
    arg [-dynamic-linker] ==> ignore
    arg [/lib64/ld-linux-x86-64.so.2] ==> ignore
    arg [-o] ==> ignore
    arg [cmTC_e6ab6] ==> ignore
    arg [/lib/../lib64/crt1.o] ==> obj [/lib/../lib64/crt1.o]
    arg [/lib/../lib64/crti.o] ==> obj [/lib/../lib64/crti.o]
    arg [/cvmfs/larsoft.opensciencegrid.org/products/gcc/v12_1_0/Linux64bit+3.10-2.17/bin/../lib/gcc/x86_64-pc-linux-gnu/12.1.0/crtbegin.o] ==> obj [/cvmfs/larsoft.opensciencegrid.org/products/gcc/v12_1_0/Linux64bit+3.10-2.17/bin/../lib/gcc/x86_64-pc-linux-gnu/12.1.0/crtbegin.o]
    arg [-L/cvmfs/larsoft.opensciencegrid.org/products/gcc/v12_1_0/Linux64bit+3.10-2.17/bin/../lib/gcc/x86_64-pc-linux-gnu/12.1.0] ==> dir [/cvmfs/larsoft.opensciencegrid.org/products/gcc/v12_1_0/Linux64bit+3.10-2.17/bin/../lib/gcc/x86_64-pc-linux-gnu/12.1.0]
    arg [-L/cvmfs/larsoft.opensciencegrid.org/products/gcc/v12_1_0/Linux64bit+3.10-2.17/bin/../lib/gcc] ==> dir [/cvmfs/larsoft.opensciencegrid.org/products/gcc/v12_1_0/Linux64bit+3.10-2.17/bin/../lib/gcc]
    arg [-L/cvmfs/larsoft.opensciencegrid.org/products/gcc/v12_1_0/Linux64bit+3.10-2.17/bin/../lib/gcc/x86_64-pc-linux-gnu/12.1.0/../../../../lib64] ==> dir [/cvmfs/larsoft.opensciencegrid.org/products/gcc/v12_1_0/Linux64bit+3.10-2.17/bin/../lib/gcc/x86_64-pc-linux-gnu/12.1.0/../../../../lib64]
    arg [-L/lib/../lib64] ==> dir [/lib/../lib64]
    arg [-L/usr/lib/../lib64] ==> dir [/usr/lib/../lib64]
    arg [-L/cvmfs/larsoft.opensciencegrid.org/products/gcc/v12_1_0/Linux64bit+3.10-2.17/bin/../lib/gcc/x86_64-pc-linux-gnu/12.1.0/../../..] ==> dir [/cvmfs/larsoft.opensciencegrid.org/products/gcc/v12_1_0/Linux64bit+3.10-2.17/bin/../lib/gcc/x86_64-pc-linux-gnu/12.1.0/../../..]
    arg [CMakeFiles/cmTC_e6ab6.dir/CMakeCCompilerABI.c.o] ==> ignore
    arg [-lgcc] ==> lib [gcc]
    arg [--as-needed] ==> ignore
    arg [-lgcc_s] ==> lib [gcc_s]
    arg [--no-as-needed] ==> ignore
    arg [-lc] ==> lib [c]
    arg [-lgcc] ==> lib [gcc]
    arg [--as-needed] ==> ignore
    arg [-lgcc_s] ==> lib [gcc_s]
    arg [--no-as-needed] ==> ignore
    arg [/cvmfs/larsoft.opensciencegrid.org/products/gcc/v12_1_0/Linux64bit+3.10-2.17/bin/../lib/gcc/x86_64-pc-linux-gnu/12.1.0/crtend.o] ==> obj [/cvmfs/larsoft.opensciencegrid.org/products/gcc/v12_1_0/Linux64bit+3.10-2.17/bin/../lib/gcc/x86_64-pc-linux-gnu/12.1.0/crtend.o]
    arg [/lib/../lib64/crtn.o] ==> obj [/lib/../lib64/crtn.o]
  collapse obj [/lib/../lib64/crt1.o] ==> [/lib64/crt1.o]
  collapse obj [/lib/../lib64/crti.o] ==> [/lib64/crti.o]
  collapse obj [/cvmfs/larsoft.opensciencegrid.org/products/gcc/v12_1_0/Linux64bit+3.10-2.17/bin/../lib/gcc/x86_64-pc-linux-gnu/12.1.0/crtbegin.o] ==> [/cvmfs/larsoft.opensciencegrid.org/products/gcc/v12_1_0/Linux64bit+3.10-2.17/lib/gcc/x86_64-pc-linux-gnu/12.1.0/crtbegin.o]
  collapse obj [/cvmfs/larsoft.opensciencegrid.org/products/gcc/v12_1_0/Linux64bit+3.10-2.17/bin/../lib/gcc/x86_64-pc-linux-gnu/12.1.0/crtend.o] ==> [/cvmfs/larsoft.opensciencegrid.org/products/gcc/v12_1_0/Linux64bit+3.10-2.17/lib/gcc/x86_64-pc-linux-gnu/12.1.0/crtend.o]
  collapse obj [/lib/../lib64/crtn.o] ==> [/lib64/crtn.o]
  collapse library dir [/cvmfs/larsoft.opensciencegrid.org/products/gcc/v12_1_0/Linux64bit+3.10-2.17/bin/../lib/gcc/x86_64-pc-linux-gnu/12.1.0] ==> [/cvmfs/larsoft.opensciencegrid.org/products/gcc/v12_1_0/Linux64bit+3.10-2.17/lib/gcc/x86_64-pc-linux-gnu/12.1.0]
  collapse library dir [/cvmfs/larsoft.opensciencegrid.org/products/gcc/v12_1_0/Linux64bit+3.10-2.17/bin/../lib/gcc] ==> [/cvmfs/larsoft.opensciencegrid.org/products/gcc/v12_1_0/Linux64bit+3.10-2.17/lib/gcc]
  collapse library dir [/cvmfs/larsoft.opensciencegrid.org/products/gcc/v12_1_0/Linux64bit+3.10-2.17/bin/../lib/gcc/x86_64-pc-linux-gnu/12.1.0/../../../../lib64] ==> [/cvmfs/larsoft.opensciencegrid.org/products/gcc/v12_1_0/Linux64bit+3.10-2.17/lib64]
  collapse library dir [/lib/../lib64] ==> [/lib64]
  collapse library dir [/usr/lib/../lib64] ==> [/usr/lib64]
  collapse library dir [/cvmfs/larsoft.opensciencegrid.org/products/gcc/v12_1_0/Linux64bit+3.10-2.17/bin/../lib/gcc/x86_64-pc-linux-gnu/12.1.0/../../..] ==> [/cvmfs/larsoft.opensciencegrid.org/products/gcc/v12_1_0/Linux64bit+3.10-2.17/lib]
  implicit libs: [gcc;gcc_s;c;gcc;gcc_s]
  implicit objs: [/lib64/crt1.o;/lib64/crti.o;/cvmfs/larsoft.opensciencegrid.org/products/gcc/v12_1_0/Linux64bit+3.10-2.17/lib/gcc/x86_64-pc-linux-gnu/12.1.0/crtbegin.o;/cvmfs/larsoft.opensciencegrid.org/products/gcc/v12_1_0/Linux64bit+3.10-2.17/lib/gcc/x86_64-pc-linux-gnu/12.1.0/crtend.o;/lib64/crtn.o]
  implicit dirs: [/cvmfs/larsoft.opensciencegrid.org/products/gcc/v12_1_0/Linux64bit+3.10-2.17/lib/gcc/x86_64-pc-linux-gnu/12.1.0;/cvmfs/larsoft.opensciencegrid.org/products/gcc/v12_1_0/Linux64bit+3.10-2.17/lib/gcc;/cvmfs/larsoft.opensciencegrid.org/products/gcc/v12_1_0/Linux64bit+3.10-2.17/lib64;/lib64;/usr/lib64;/cvmfs/larsoft.opensciencegrid.org/products/gcc/v12_1_0/Linux64bit+3.10-2.17/lib]
  implicit fwks: []


Detecting CXX compiler ABI info compiled with the following output:
Change Dir: /exp/uboone/app/users/nlane/NeutralKaonCode/srcs/ubana/ubana/PionMomentumLikelihood/Transformer/build/CMakeFiles/CMakeTmp

Run Build Command(s):/usr/bin/gmake -f Makefile cmTC_1e104/fast && /usr/bin/gmake  -f CMakeFiles/cmTC_1e104.dir/build.make CMakeFiles/cmTC_1e104.dir/build
gmake[1]: Entering directory `/exp/uboone/app/users/nlane/NeutralKaonCode/srcs/ubana/ubana/PionMomentumLikelihood/Transformer/build/CMakeFiles/CMakeTmp'
Building CXX object CMakeFiles/cmTC_1e104.dir/CMakeCXXCompilerABI.cpp.o
/cvmfs/larsoft.opensciencegrid.org/products/gcc/v12_1_0/Linux64bit+3.10-2.17/bin/c++   -v -o CMakeFiles/cmTC_1e104.dir/CMakeCXXCompilerABI.cpp.o -c /cvmfs/larsoft.opensciencegrid.org/products/cmake/v3_24_1/Linux64bit+3.10-2.17/share/cmake-3.24/Modules/CMakeCXXCompilerABI.cpp
Using built-in specs.
COLLECT_GCC=/cvmfs/larsoft.opensciencegrid.org/products/gcc/v12_1_0/Linux64bit+3.10-2.17/bin/c++
Target: x86_64-pc-linux-gnu
Configured with: /scratch/workspace/art-build-base/v12_00_00-e26/SLF7/build/gcc/v12_1_0/src/gcc-12.1.0/configure --enable-__cxa_atexit --enable-checking=release --enable-compressed-debug-sections=all --enable-languages=c,c++,fortran,go,objc,obj-c++ --enable-libstdcxx-time=rt --enable-plugin --enable-stage1-checking=all --enable-threads=posix --prefix=/scratch/workspace/art-build-base/v12_00_00-e26/SLF7/build/gcc/v12_1_0/Linux64bit+3.10-2.17 --with-system-zlib --enable-lto --with-zstd --enable-link-serialization=15
Thread model: posix
Supported LTO compression algorithms: zlib zstd
gcc version 12.1.0 (GCC) 
COLLECT_GCC_OPTIONS='-v' '-o' 'CMakeFiles/cmTC_1e104.dir/CMakeCXXCompilerABI.cpp.o' '-c' '-shared-libgcc' '-mtune=generic' '-march=x86-64' '-dumpdir' 'CMakeFiles/cmTC_1e104.dir/'
 /cvmfs/larsoft.opensciencegrid.org/products/gcc/v12_1_0/Linux64bit+3.10-2.17/bin/../libexec/gcc/x86_64-pc-linux-gnu/12.1.0/cc1plus -quiet -v -iprefix /cvmfs/larsoft.opensciencegrid.org/products/gcc/v12_1_0/Linux64bit+3.10-2.17/bin/../lib/gcc/x86_64-pc-linux-gnu/12.1.0/ -D_GNU_SOURCE /cvmfs/larsoft.opensciencegrid.org/products/cmake/v3_24_1/Linux64bit+3.10-2.17/share/cmake-3.24/Modules/CMakeCXXCompilerABI.cpp -quiet -dumpdir CMakeFiles/cmTC_1e104.dir/ -dumpbase CMakeCXXCompilerABI.cpp.cpp -dumpbase-ext .cpp -mtune=generic -march=x86-64 -version -o /tmp/ccaHq1a5.s
GNU C++17 (GCC) version 12.1.0 (x86_64-pc-linux-gnu)
	compiled by GNU C version 12.1.0, GMP version 6.2.1, MPFR version 4.1.0-p13, MPC version 1.2.1, isl version isl-0.24-GMP

GGC heuristics: --param ggc-min-expand=100 --param ggc-min-heapsize=131072
ignoring nonexistent directory "/cvmfs/larsoft.opensciencegrid.org/products/gcc/v12_1_0/Linux64bit+3.10-2.17/bin/../lib/gcc/x86_64-pc-linux-gnu/12.1.0/../../../../x86_64-pc-linux-gnu/include"
ignoring duplicate directory "/cvmfs/larsoft.opensciencegrid.org/products/gcc/v12_1_0/Linux64bit+3.10-2.17/bin/../lib/gcc/../../lib/gcc/x86_64-pc-linux-gnu/12.1.0/../../../../include/c++/12.1.0"
ignoring duplicate directory "/cvmfs/larsoft.opensciencegrid.org/products/gcc/v12_1_0/Linux64bit+3.10-2.17/bin/../lib/gcc/../../lib/gcc/x86_64-pc-linux-gnu/12.1.0/../../../../include/c++/12.1.0/x86_64-pc-linux-gnu"
ignoring duplicate directory "/cvmfs/larsoft.opensciencegrid.org/products/gcc/v12_1_0/Linux64bit+3.10-2.17/bin/../lib/gcc/../../lib/gcc/x86_64-pc-linux-gnu/12.1.0/../../../../include/c++/12.1.0/backward"
ignoring duplicate directory "/cvmfs/larsoft.opensciencegrid.org/products/gcc/v12_1_0/Linux64bit+3.10-2.17/bin/../lib/gcc/../../lib/gcc/x86_64-pc-linux-gnu/12.1.0/include"
ignoring duplicate directory "/cvmfs/larsoft.opensciencegrid.org/products/gcc/v12_1_0/Linux64bit+3.10-2.17/bin/../lib/gcc/../../lib/gcc/x86_64-pc-linux-gnu/12.1.0/include-fixed"
ignoring nonexistent directory "/cvmfs/larsoft.opensciencegrid.org/products/gcc/v12_1_0/Linux64bit+3.10-2.17/bin/../lib/gcc/../../lib/gcc/x86_64-pc-linux-gnu/12.1.0/../../../../x86_64-pc-linux-gnu/include"
#include "..." search starts here:
#include <...> search starts here:
 /cvmfs/larsoft.opensciencegrid.org/products/tbb/v2021_9_0/Linux64bit+3.10-2.17-e26/include
 /cvmfs/larsoft.opensciencegrid.org/products/gcc/v12_1_0/Linux64bit+3.10-2.17/bin/../lib/gcc/x86_64-pc-linux-gnu/12.1.0/../../../../include/c++/12.1.0
 /cvmfs/larsoft.opensciencegrid.org/products/gcc/v12_1_0/Linux64bit+3.10-2.17/bin/../lib/gcc/x86_64-pc-linux-gnu/12.1.0/../../../../include/c++/12.1.0/x86_64-pc-linux-gnu
 /cvmfs/larsoft.opensciencegrid.org/products/gcc/v12_1_0/Linux64bit+3.10-2.17/bin/../lib/gcc/x86_64-pc-linux-gnu/12.1.0/../../../../include/c++/12.1.0/backward
 /cvmfs/larsoft.opensciencegrid.org/products/gcc/v12_1_0/Linux64bit+3.10-2.17/bin/../lib/gcc/x86_64-pc-linux-gnu/12.1.0/include
 /cvmfs/larsoft.opensciencegrid.org/products/gcc/v12_1_0/Linux64bit+3.10-2.17/bin/../lib/gcc/x86_64-pc-linux-gnu/12.1.0/include-fixed
 /usr/local/include
 /cvmfs/larsoft.opensciencegrid.org/products/gcc/v12_1_0/Linux64bit+3.10-2.17/bin/../lib/gcc/../../include
 /usr/include
End of search list.
GNU C++17 (GCC) version 12.1.0 (x86_64-pc-linux-gnu)
	compiled by GNU C version 12.1.0, GMP version 6.2.1, MPFR version 4.1.0-p13, MPC version 1.2.1, isl version isl-0.24-GMP

GGC heuristics: --param ggc-min-expand=100 --param ggc-min-heapsize=131072
Compiler executable checksum: e9dba2130524ec85cea982823dc61c57
COLLECT_GCC_OPTIONS='-v' '-o' 'CMakeFiles/cmTC_1e104.dir/CMakeCXXCompilerABI.cpp.o' '-c' '-shared-libgcc' '-mtune=generic' '-march=x86-64' '-dumpdir' 'CMakeFiles/cmTC_1e104.dir/'
 as -v --64 -o CMakeFiles/cmTC_1e104.dir/CMakeCXXCompilerABI.cpp.o /tmp/ccaHq1a5.s
GNU assembler version 2.27 (x86_64-redhat-linux) using BFD version version 2.27-44.base.el7_9.1
COMPILER_PATH=/cvmfs/larsoft.opensciencegrid.org/products/gcc/v12_1_0/Linux64bit+3.10-2.17/bin/../libexec/gcc/x86_64-pc-linux-gnu/12.1.0/:/cvmfs/larsoft.opensciencegrid.org/products/gcc/v12_1_0/Linux64bit+3.10-2.17/bin/../libexec/gcc/:/cvmfs/larsoft.opensciencegrid.org/products/gcc/v12_1_0/Linux64bit+3.10-2.17/bin/
LIBRARY_PATH=/cvmfs/larsoft.opensciencegrid.org/products/gcc/v12_1_0/Linux64bit+3.10-2.17/bin/../lib/gcc/x86_64-pc-linux-gnu/12.1.0/:/cvmfs/larsoft.opensciencegrid.org/products/gcc/v12_1_0/Linux64bit+3.10-2.17/bin/../lib/gcc/:/cvmfs/larsoft.opensciencegrid.org/products/gcc/v12_1_0/Linux64bit+3.10-2.17/bin/../lib/gcc/x86_64-pc-linux-gnu/12.1.0/../../../../lib64/:/lib/../lib64/:/usr/lib/../lib64/:/cvmfs/larsoft.opensciencegrid.org/products/gcc/v12_1_0/Linux64bit+3.10-2.17/bin/../lib/gcc/x86_64-pc-linux-gnu/12.1.0/../../../:/lib/:/usr/lib/
COLLECT_GCC_OPTIONS='-v' '-o' 'CMakeFiles/cmTC_1e104.dir/CMakeCXXCompilerABI.cpp.o' '-c' '-shared-libgcc' '-mtune=generic' '-march=x86-64' '-dumpdir' 'CMakeFiles/cmTC_1e104.dir/CMakeCXXCompilerABI.cpp.'
Linking CXX executable cmTC_1e104
/cvmfs/larsoft.opensciencegrid.org/products/cmake/v3_24_1/Linux64bit+3.10-2.17/bin/cmake -E cmake_link_script CMakeFiles/cmTC_1e104.dir/link.txt --verbose=1
/cvmfs/larsoft.opensciencegrid.org/products/gcc/v12_1_0/Linux64bit+3.10-2.17/bin/c++  -v -rdynamic CMakeFiles/cmTC_1e104.dir/CMakeCXXCompilerABI.cpp.o -o cmTC_1e104 
Using built-in specs.
COLLECT_GCC=/cvmfs/larsoft.opensciencegrid.org/products/gcc/v12_1_0/Linux64bit+3.10-2.17/bin/c++
COLLECT_LTO_WRAPPER=/cvmfs/larsoft.opensciencegrid.org/products/gcc/v12_1_0/Linux64bit+3.10-2.17/bin/../libexec/gcc/x86_64-pc-linux-gnu/12.1.0/lto-wrapper
Target: x86_64-pc-linux-gnu
Configured with: /scratch/workspace/art-build-base/v12_00_00-e26/SLF7/build/gcc/v12_1_0/src/gcc-12.1.0/configure --enable-__cxa_atexit --enable-checking=release --enable-compressed-debug-sections=all --enable-languages=c,c++,fortran,go,objc,obj-c++ --enable-libstdcxx-time=rt --enable-plugin --enable-stage1-checking=all --enable-threads=posix --prefix=/scratch/workspace/art-build-base/v12_00_00-e26/SLF7/build/gcc/v12_1_0/Linux64bit+3.10-2.17 --with-system-zlib --enable-lto --with-zstd --enable-link-serialization=15
Thread model: posix
Supported LTO compression algorithms: zlib zstd
gcc version 12.1.0 (GCC) 
COMPILER_PATH=/cvmfs/larsoft.opensciencegrid.org/products/gcc/v12_1_0/Linux64bit+3.10-2.17/bin/../libexec/gcc/x86_64-pc-linux-gnu/12.1.0/:/cvmfs/larsoft.opensciencegrid.org/products/gcc/v12_1_0/Linux64bit+3.10-2.17/bin/../libexec/gcc/:/cvmfs/larsoft.opensciencegrid.org/products/gcc/v12_1_0/Linux64bit+3.10-2.17/bin/
LIBRARY_PATH=/cvmfs/larsoft.opensciencegrid.org/products/gcc/v12_1_0/Linux64bit+3.10-2.17/bin/../lib/gcc/x86_64-pc-linux-gnu/12.1.0/:/cvmfs/larsoft.opensciencegrid.org/products/gcc/v12_1_0/Linux64bit+3.10-2.17/bin/../lib/gcc/:/cvmfs/larsoft.opensciencegrid.org/products/gcc/v12_1_0/Linux64bit+3.10-2.17/bin/../lib/gcc/x86_64-pc-linux-gnu/12.1.0/../../../../lib64/:/lib/../lib64/:/usr/lib/../lib64/:/cvmfs/larsoft.opensciencegrid.org/products/gcc/v12_1_0/Linux64bit+3.10-2.17/bin/../lib/gcc/x86_64-pc-linux-gnu/12.1.0/../../../:/lib/:/usr/lib/
COLLECT_GCC_OPTIONS='-v' '-rdynamic' '-o' 'cmTC_1e104' '-shared-libgcc' '-mtune=generic' '-march=x86-64' '-dumpdir' 'cmTC_1e104.'
 /cvmfs/larsoft.opensciencegrid.org/products/gcc/v12_1_0/Linux64bit+3.10-2.17/bin/../libexec/gcc/x86_64-pc-linux-gnu/12.1.0/collect2 -plugin /cvmfs/larsoft.opensciencegrid.org/products/gcc/v12_1_0/Linux64bit+3.10-2.17/bin/../libexec/gcc/x86_64-pc-linux-gnu/12.1.0/liblto_plugin.so -plugin-opt=/cvmfs/larsoft.opensciencegrid.org/products/gcc/v12_1_0/Linux64bit+3.10-2.17/bin/../libexec/gcc/x86_64-pc-linux-gnu/12.1.0/lto-wrapper -plugin-opt=-fresolution=/tmp/ccXcWM06.res -plugin-opt=-pass-through=-lgcc_s -plugin-opt=-pass-through=-lgcc -plugin-opt=-pass-through=-lc -plugin-opt=-pass-through=-lgcc_s -plugin-opt=-pass-through=-lgcc --eh-frame-hdr -m elf_x86_64 -export-dynamic -dynamic-linker /lib64/ld-linux-x86-64.so.2 -o cmTC_1e104 /lib/../lib64/crt1.o /lib/../lib64/crti.o /cvmfs/larsoft.opensciencegrid.org/products/gcc/v12_1_0/Linux64bit+3.10-2.17/bin/../lib/gcc/x86_64-pc-linux-gnu/12.1.0/crtbegin.o -L/cvmfs/larsoft.opensciencegrid.org/products/gcc/v12_1_0/Linux64bit+3.10-2.17/bin/../lib/gcc/x86_64-pc-linux-gnu/12.1.0 -L/cvmfs/larsoft.opensciencegrid.org/products/gcc/v12_1_0/Linux64bit+3.10-2.17/bin/../lib/gcc -L/cvmfs/larsoft.opensciencegrid.org/products/gcc/v12_1_0/Linux64bit+3.10-2.17/bin/../lib/gcc/x86_64-pc-linux-gnu/12.1.0/../../../../lib64 -L/lib/../lib64 -L/usr/lib/../lib64 -L/cvmfs/larsoft.opensciencegrid.org/products/gcc/v12_1_0/Linux64bit+3.10-2.17/bin/../lib/gcc/x86_64-pc-linux-gnu/12.1.0/../../.. CMakeFiles/cmTC_1e104.dir/CMakeCXXCompilerABI.cpp.o -lstdc++ -lm -lgcc_s -lgcc -lc -lgcc_s -lgcc /cvmfs/larsoft.opensciencegrid.org/products/gcc/v12_1_0/Linux64bit+3.10-2.17/bin/../lib/gcc/x86_64-pc-linux-gnu/12.1.0/crtend.o /lib/../lib64/crtn.o
COLLECT_GCC_OPTIONS='-v' '-rdynamic' '-o' 'cmTC_1e104' '-shared-libgcc' '-mtune=generic' '-march=x86-64' '-dumpdir' 'cmTC_1e104.'
gmake[1]: Leaving directory `/exp/uboone/app/users/nlane/NeutralKaonCode/srcs/ubana/ubana/PionMomentumLikelihood/Transformer/build/CMakeFiles/CMakeTmp'



Parsed CXX implicit include dir info from above output: rv=done
  found start of include info
  found start of implicit include info
    add: [/cvmfs/larsoft.opensciencegrid.org/products/tbb/v2021_9_0/Linux64bit+3.10-2.17-e26/include]
    add: [/cvmfs/larsoft.opensciencegrid.org/products/gcc/v12_1_0/Linux64bit+3.10-2.17/bin/../lib/gcc/x86_64-pc-linux-gnu/12.1.0/../../../../include/c++/12.1.0]
    add: [/cvmfs/larsoft.opensciencegrid.org/products/gcc/v12_1_0/Linux64bit+3.10-2.17/bin/../lib/gcc/x86_64-pc-linux-gnu/12.1.0/../../../../include/c++/12.1.0/x86_64-pc-linux-gnu]
    add: [/cvmfs/larsoft.opensciencegrid.org/products/gcc/v12_1_0/Linux64bit+3.10-2.17/bin/../lib/gcc/x86_64-pc-linux-gnu/12.1.0/../../../../include/c++/12.1.0/backward]
    add: [/cvmfs/larsoft.opensciencegrid.org/products/gcc/v12_1_0/Linux64bit+3.10-2.17/bin/../lib/gcc/x86_64-pc-linux-gnu/12.1.0/include]
    add: [/cvmfs/larsoft.opensciencegrid.org/products/gcc/v12_1_0/Linux64bit+3.10-2.17/bin/../lib/gcc/x86_64-pc-linux-gnu/12.1.0/include-fixed]
    add: [/usr/local/include]
    add: [/cvmfs/larsoft.opensciencegrid.org/products/gcc/v12_1_0/Linux64bit+3.10-2.17/bin/../lib/gcc/../../include]
    add: [/usr/include]
  end of search list found
  collapse include dir [/cvmfs/larsoft.opensciencegrid.org/products/tbb/v2021_9_0/Linux64bit+3.10-2.17-e26/include] ==> [/cvmfs/larsoft.opensciencegrid.org/products/tbb/v2021_9_0/Linux64bit+3.10-2.17-e26/include]
  collapse include dir [/cvmfs/larsoft.opensciencegrid.org/products/gcc/v12_1_0/Linux64bit+3.10-2.17/bin/../lib/gcc/x86_64-pc-linux-gnu/12.1.0/../../../../include/c++/12.1.0] ==> [/cvmfs/larsoft.opensciencegrid.org/products/gcc/v12_1_0/Linux64bit+3.10-2.17/include/c++/12.1.0]
  collapse include dir [/cvmfs/larsoft.opensciencegrid.org/products/gcc/v12_1_0/Linux64bit+3.10-2.17/bin/../lib/gcc/x86_64-pc-linux-gnu/12.1.0/../../../../include/c++/12.1.0/x86_64-pc-linux-gnu] ==> [/cvmfs/larsoft.opensciencegrid.org/products/gcc/v12_1_0/Linux64bit+3.10-2.17/include/c++/12.1.0/x86_64-pc-linux-gnu]
  collapse include dir [/cvmfs/larsoft.opensciencegrid.org/products/gcc/v12_1_0/Linux64bit+3.10-2.17/bin/../lib/gcc/x86_64-pc-linux-gnu/12.1.0/../../../../include/c++/12.1.0/backward] ==> [/cvmfs/larsoft.opensciencegrid.org/products/gcc/v12_1_0/Linux64bit+3.10-2.17/include/c++/12.1.0/backward]
  collapse include dir [/cvmfs/larsoft.opensciencegrid.org/products/gcc/v12_1_0/Linux64bit+3.10-2.17/bin/../lib/gcc/x86_64-pc-linux-gnu/12.1.0/include] ==> [/cvmfs/larsoft.opensciencegrid.org/products/gcc/v12_1_0/Linux64bit+3.10-2.17/lib/gcc/x86_64-pc-linux-gnu/12.1.0/include]
  collapse include dir [/cvmfs/larsoft.opensciencegrid.org/products/gcc/v12_1_0/Linux64bit+3.10-2.17/bin/../lib/gcc/x86_64-pc-linux-gnu/12.1.0/include-fixed] ==> [/cvmfs/larsoft.opensciencegrid.org/products/gcc/v12_1_0/Linux64bit+3.10-2.17/lib/gcc/x86_64-pc-linux-gnu/12.1.0/include-fixed]
  collapse include dir [/usr/local/include] ==> [/usr/local/include]
  collapse include dir [/cvmfs/larsoft.opensciencegrid.org/products/gcc/v12_1_0/Linux64bit+3.10-2.17/bin/../lib/gcc/../../include] ==> [/cvmfs/larsoft.opensciencegrid.org/products/gcc/v12_1_0/Linux64bit+3.10-2.17/include]
  collapse include dir [/usr/include] ==> [/usr/include]
  implicit include dirs: [/cvmfs/larsoft.opensciencegrid.org/products/tbb/v2021_9_0/Linux64bit+3.10-2.17-e26/include;/cvmfs/larsoft.opensciencegrid.org/products/gcc/v12_1_0/Linux64bit+3.10-2.17/include/c++/12.1.0;/cvmfs/larsoft.opensciencegrid.org/products/gcc/v12_1_0/Linux64bit+3.10-2.17/include/c++/12.1.0/x86_64-pc-linux-gnu;/cvmfs/larsoft.opensciencegrid.org/products/gcc/v12_1_0/Linux64bit+3.10-2.17/include/c++/12.1.0/backward;/cvmfs/larsoft.opensciencegrid.org/products/gcc/v12_1_0/Linux64bit+3.10-2.17/lib/gcc/x86_64-pc-linux-gnu/12.1.0/include;/cvmfs/larsoft.opensciencegrid.org/products/gcc/v12_1_0/Linux64bit+3.10-2.17/lib/gcc/x86_64-pc-linux-gnu/12.1.0/include-fixed;/usr/local/include;/cvmfs/larsoft.opensciencegrid.org/products/gcc/v12_1_0/Linux64bit+3.10-2.17/include;/usr/include]


Parsed CXX implicit link information from above output:
  link line regex: [^( *|.*[/\])(ld|CMAKE_LINK_STARTFILE-NOTFOUND|([^/\]+-)?ld|collect2)[^/\]*( |$)]
  ignore line: [Change Dir: /exp/uboone/app/users/nlane/NeutralKaonCode/srcs/ubana/ubana/PionMomentumLikelihood/Transformer/build/CMakeFiles/CMakeTmp]
  ignore line: []
  ignore line: [Run Build Command(s):/usr/bin/gmake -f Makefile cmTC_1e104/fast && /usr/bin/gmake  -f CMakeFiles/cmTC_1e104.dir/build.make CMakeFiles/cmTC_1e104.dir/build]
  ignore line: [gmake[1]: Entering directory `/exp/uboone/app/users/nlane/NeutralKaonCode/srcs/ubana/ubana/PionMomentumLikelihood/Transformer/build/CMakeFiles/CMakeTmp']
  ignore line: [Building CXX object CMakeFiles/cmTC_1e104.dir/CMakeCXXCompilerABI.cpp.o]
  ignore line: [/cvmfs/larsoft.opensciencegrid.org/products/gcc/v12_1_0/Linux64bit+3.10-2.17/bin/c++   -v -o CMakeFiles/cmTC_1e104.dir/CMakeCXXCompilerABI.cpp.o -c /cvmfs/larsoft.opensciencegrid.org/products/cmake/v3_24_1/Linux64bit+3.10-2.17/share/cmake-3.24/Modules/CMakeCXXCompilerABI.cpp]
  ignore line: [Using built-in specs.]
  ignore line: [COLLECT_GCC=/cvmfs/larsoft.opensciencegrid.org/products/gcc/v12_1_0/Linux64bit+3.10-2.17/bin/c++]
  ignore line: [Target: x86_64-pc-linux-gnu]
  ignore line: [Configured with: /scratch/workspace/art-build-base/v12_00_00-e26/SLF7/build/gcc/v12_1_0/src/gcc-12.1.0/configure --enable-__cxa_atexit --enable-checking=release --enable-compressed-debug-sections=all --enable-languages=c c++ fortran go objc obj-c++ --enable-libstdcxx-time=rt --enable-plugin --enable-stage1-checking=all --enable-threads=posix --prefix=/scratch/workspace/art-build-base/v12_00_00-e26/SLF7/build/gcc/v12_1_0/Linux64bit+3.10-2.17 --with-system-zlib --enable-lto --with-zstd --enable-link-serialization=15]
  ignore line: [Thread model: posix]
  ignore line: [Supported LTO compression algorithms: zlib zstd]
  ignore line: [gcc version 12.1.0 (GCC) ]
  ignore line: [COLLECT_GCC_OPTIONS='-v' '-o' 'CMakeFiles/cmTC_1e104.dir/CMakeCXXCompilerABI.cpp.o' '-c' '-shared-libgcc' '-mtune=generic' '-march=x86-64' '-dumpdir' 'CMakeFiles/cmTC_1e104.dir/']
  ignore line: [ /cvmfs/larsoft.opensciencegrid.org/products/gcc/v12_1_0/Linux64bit+3.10-2.17/bin/../libexec/gcc/x86_64-pc-linux-gnu/12.1.0/cc1plus -quiet -v -iprefix /cvmfs/larsoft.opensciencegrid.org/products/gcc/v12_1_0/Linux64bit+3.10-2.17/bin/../lib/gcc/x86_64-pc-linux-gnu/12.1.0/ -D_GNU_SOURCE /cvmfs/larsoft.opensciencegrid.org/products/cmake/v3_24_1/Linux64bit+3.10-2.17/share/cmake-3.24/Modules/CMakeCXXCompilerABI.cpp -quiet -dumpdir CMakeFiles/cmTC_1e104.dir/ -dumpbase CMakeCXXCompilerABI.cpp.cpp -dumpbase-ext .cpp -mtune=generic -march=x86-64 -version -o /tmp/ccaHq1a5.s]
  ignore line: [GNU C++17 (GCC) version 12.1.0 (x86_64-pc-linux-gnu)]
  ignore line: [	compiled by GNU C version 12.1.0  GMP version 6.2.1  MPFR version 4.1.0-p13  MPC version 1.2.1  isl version isl-0.24-GMP]
  ignore line: []
  ignore line: [GGC heuristics: --param ggc-min-expand=100 --param ggc-min-heapsize=131072]
  ignore line: [ignoring nonexistent directory "/cvmfs/larsoft.opensciencegrid.org/products/gcc/v12_1_0/Linux64bit+3.10-2.17/bin/../lib/gcc/x86_64-pc-linux-gnu/12.1.0/../../../../x86_64-pc-linux-gnu/include"]
  ignore line: [ignoring duplicate directory "/cvmfs/larsoft.opensciencegrid.org/products/gcc/v12_1_0/Linux64bit+3.10-2.17/bin/../lib/gcc/../../lib/gcc/x86_64-pc-linux-gnu/12.1.0/../../../../include/c++/12.1.0"]
  ignore line: [ignoring duplicate directory "/cvmfs/larsoft.opensciencegrid.org/products/gcc/v12_1_0/Linux64bit+3.10-2.17/bin/../lib/gcc/../../lib/gcc/x86_64-pc-linux-gnu/12.1.0/../../../../include/c++/12.1.0/x86_64-pc-linux-gnu"]
  ignore line: [ignoring duplicate directory "/cvmfs/larsoft.opensciencegrid.org/products/gcc/v12_1_0/Linux64bit+3.10-2.17/bin/../lib/gcc/../../lib/gcc/x86_64-pc-linux-gnu/12.1.0/../../../../include/c++/12.1.0/backward"]
  ignore line: [ignoring duplicate directory "/cvmfs/larsoft.opensciencegrid.org/products/gcc/v12_1_0/Linux64bit+3.10-2.17/bin/../lib/gcc/../../lib/gcc/x86_64-pc-linux-gnu/12.1.0/include"]
  ignore line: [ignoring duplicate directory "/cvmfs/larsoft.opensciencegrid.org/products/gcc/v12_1_0/Linux64bit+3.10-2.17/bin/../lib/gcc/../../lib/gcc/x86_64-pc-linux-gnu/12.1.0/include-fixed"]
  ignore line: [ignoring nonexistent directory "/cvmfs/larsoft.opensciencegrid.org/products/gcc/v12_1_0/Linux64bit+3.10-2.17/bin/../lib/gcc/../../lib/gcc/x86_64-pc-linux-gnu/12.1.0/../../../../x86_64-pc-linux-gnu/include"]
  ignore line: [#include "..." search starts here:]
  ignore line: [#include <...> search starts here:]
  ignore line: [ /cvmfs/larsoft.opensciencegrid.org/products/tbb/v2021_9_0/Linux64bit+3.10-2.17-e26/include]
  ignore line: [ /cvmfs/larsoft.opensciencegrid.org/products/gcc/v12_1_0/Linux64bit+3.10-2.17/bin/../lib/gcc/x86_64-pc-linux-gnu/12.1.0/../../../../include/c++/12.1.0]
  ignore line: [ /cvmfs/larsoft.opensciencegrid.org/products/gcc/v12_1_0/Linux64bit+3.10-2.17/bin/../lib/gcc/x86_64-pc-linux-gnu/12.1.0/../../../../include/c++/12.1.0/x86_64-pc-linux-gnu]
  ignore line: [ /cvmfs/larsoft.opensciencegrid.org/products/gcc/v12_1_0/Linux64bit+3.10-2.17/bin/../lib/gcc/x86_64-pc-linux-gnu/12.1.0/../../../../include/c++/12.1.0/backward]
  ignore line: [ /cvmfs/larsoft.opensciencegrid.org/products/gcc/v12_1_0/Linux64bit+3.10-2.17/bin/../lib/gcc/x86_64-pc-linux-gnu/12.1.0/include]
  ignore line: [ /cvmfs/larsoft.opensciencegrid.org/products/gcc/v12_1_0/Linux64bit+3.10-2.17/bin/../lib/gcc/x86_64-pc-linux-gnu/12.1.0/include-fixed]
  ignore line: [ /usr/local/include]
  ignore line: [ /cvmfs/larsoft.opensciencegrid.org/products/gcc/v12_1_0/Linux64bit+3.10-2.17/bin/../lib/gcc/../../include]
  ignore line: [ /usr/include]
  ignore line: [End of search list.]
  ignore line: [GNU C++17 (GCC) version 12.1.0 (x86_64-pc-linux-gnu)]
  ignore line: [	compiled by GNU C version 12.1.0  GMP version 6.2.1  MPFR version 4.1.0-p13  MPC version 1.2.1  isl version isl-0.24-GMP]
  ignore line: []
  ignore line: [GGC heuristics: --param ggc-min-expand=100 --param ggc-min-heapsize=131072]
  ignore line: [Compiler executable checksum: e9dba2130524ec85cea982823dc61c57]
  ignore line: [COLLECT_GCC_OPTIONS='-v' '-o' 'CMakeFiles/cmTC_1e104.dir/CMakeCXXCompilerABI.cpp.o' '-c' '-shared-libgcc' '-mtune=generic' '-march=x86-64' '-dumpdir' 'CMakeFiles/cmTC_1e104.dir/']
  ignore line: [ as -v --64 -o CMakeFiles/cmTC_1e104.dir/CMakeCXXCompilerABI.cpp.o /tmp/ccaHq1a5.s]
  ignore line: [GNU assembler version 2.27 (x86_64-redhat-linux) using BFD version version 2.27-44.base.el7_9.1]
  ignore line: [COMPILER_PATH=/cvmfs/larsoft.opensciencegrid.org/products/gcc/v12_1_0/Linux64bit+3.10-2.17/bin/../libexec/gcc/x86_64-pc-linux-gnu/12.1.0/:/cvmfs/larsoft.opensciencegrid.org/products/gcc/v12_1_0/Linux64bit+3.10-2.17/bin/../libexec/gcc/:/cvmfs/larsoft.opensciencegrid.org/products/gcc/v12_1_0/Linux64bit+3.10-2.17/bin/]
  ignore line: [LIBRARY_PATH=/cvmfs/larsoft.opensciencegrid.org/products/gcc/v12_1_0/Linux64bit+3.10-2.17/bin/../lib/gcc/x86_64-pc-linux-gnu/12.1.0/:/cvmfs/larsoft.opensciencegrid.org/products/gcc/v12_1_0/Linux64bit+3.10-2.17/bin/../lib/gcc/:/cvmfs/larsoft.opensciencegrid.org/products/gcc/v12_1_0/Linux64bit+3.10-2.17/bin/../lib/gcc/x86_64-pc-linux-gnu/12.1.0/../../../../lib64/:/lib/../lib64/:/usr/lib/../lib64/:/cvmfs/larsoft.opensciencegrid.org/products/gcc/v12_1_0/Linux64bit+3.10-2.17/bin/../lib/gcc/x86_64-pc-linux-gnu/12.1.0/../../../:/lib/:/usr/lib/]
  ignore line: [COLLECT_GCC_OPTIONS='-v' '-o' 'CMakeFiles/cmTC_1e104.dir/CMakeCXXCompilerABI.cpp.o' '-c' '-shared-libgcc' '-mtune=generic' '-march=x86-64' '-dumpdir' 'CMakeFiles/cmTC_1e104.dir/CMakeCXXCompilerABI.cpp.']
  ignore line: [Linking CXX executable cmTC_1e104]
  ignore line: [/cvmfs/larsoft.opensciencegrid.org/products/cmake/v3_24_1/Linux64bit+3.10-2.17/bin/cmake -E cmake_link_script CMakeFiles/cmTC_1e104.dir/link.txt --verbose=1]
  ignore line: [/cvmfs/larsoft.opensciencegrid.org/products/gcc/v12_1_0/Linux64bit+3.10-2.17/bin/c++  -v -rdynamic CMakeFiles/cmTC_1e104.dir/CMakeCXXCompilerABI.cpp.o -o cmTC_1e104 ]
  ignore line: [Using built-in specs.]
  ignore line: [COLLECT_GCC=/cvmfs/larsoft.opensciencegrid.org/products/gcc/v12_1_0/Linux64bit+3.10-2.17/bin/c++]
  ignore line: [COLLECT_LTO_WRAPPER=/cvmfs/larsoft.opensciencegrid.org/products/gcc/v12_1_0/Linux64bit+3.10-2.17/bin/../libexec/gcc/x86_64-pc-linux-gnu/12.1.0/lto-wrapper]
  ignore line: [Target: x86_64-pc-linux-gnu]
  ignore line: [Configured with: /scratch/workspace/art-build-base/v12_00_00-e26/SLF7/build/gcc/v12_1_0/src/gcc-12.1.0/configure --enable-__cxa_atexit --enable-checking=release --enable-compressed-debug-sections=all --enable-languages=c c++ fortran go objc obj-c++ --enable-libstdcxx-time=rt --enable-plugin --enable-stage1-checking=all --enable-threads=posix --prefix=/scratch/workspace/art-build-base/v12_00_00-e26/SLF7/build/gcc/v12_1_0/Linux64bit+3.10-2.17 --with-system-zlib --enable-lto --with-zstd --enable-link-serialization=15]
  ignore line: [Thread model: posix]
  ignore line: [Supported LTO compression algorithms: zlib zstd]
  ignore line: [gcc version 12.1.0 (GCC) ]
  ignore line: [COMPILER_PATH=/cvmfs/larsoft.opensciencegrid.org/products/gcc/v12_1_0/Linux64bit+3.10-2.17/bin/../libexec/gcc/x86_64-pc-linux-gnu/12.1.0/:/cvmfs/larsoft.opensciencegrid.org/products/gcc/v12_1_0/Linux64bit+3.10-2.17/bin/../libexec/gcc/:/cvmfs/larsoft.opensciencegrid.org/products/gcc/v12_1_0/Linux64bit+3.10-2.17/bin/]
  ignore line: [LIBRARY_PATH=/cvmfs/larsoft.opensciencegrid.org/products/gcc/v12_1_0/Linux64bit+3.10-2.17/bin/../lib/gcc/x86_64-pc-linux-gnu/12.1.0/:/cvmfs/larsoft.opensciencegrid.org/products/gcc/v12_1_0/Linux64bit+3.10-2.17/bin/../lib/gcc/:/cvmfs/larsoft.opensciencegrid.org/products/gcc/v12_1_0/Linux64bit+3.10-2.17/bin/../lib/gcc/x86_64-pc-linux-gnu/12.1.0/../../../../lib64/:/lib/../lib64/:/usr/lib/../lib64/:/cvmfs/larsoft.opensciencegrid.org/products/gcc/v12_1_0/Linux64bit+3.10-2.17/bin/../lib/gcc/x86_64-pc-linux-gnu/12.1.0/../../../:/lib/:/usr/lib/]
  ignore line: [COLLECT_GCC_OPTIONS='-v' '-rdynamic' '-o' 'cmTC_1e104' '-shared-libgcc' '-mtune=generic' '-march=x86-64' '-dumpdir' 'cmTC_1e104.']
  link line: [ /cvmfs/larsoft.opensciencegrid.org/products/gcc/v12_1_0/Linux64bit+3.10-2.17/bin/../libexec/gcc/x86_64-pc-linux-gnu/12.1.0/collect2 -plugin /cvmfs/larsoft.opensciencegrid.org/products/gcc/v12_1_0/Linux64bit+3.10-2.17/bin/../libexec/gcc/x86_64-pc-linux-gnu/12.1.0/liblto_plugin.so -plugin-opt=/cvmfs/larsoft.opensciencegrid.org/products/gcc/v12_1_0/Linux64bit+3.10-2.17/bin/../libexec/gcc/x86_64-pc-linux-gnu/12.1.0/lto-wrapper -plugin-opt=-fresolution=/tmp/ccXcWM06.res -plugin-opt=-pass-through=-lgcc_s -plugin-opt=-pass-through=-lgcc -plugin-opt=-pass-through=-lc -plugin-opt=-pass-through=-lgcc_s -plugin-opt=-pass-through=-lgcc --eh-frame-hdr -m elf_x86_64 -export-dynamic -dynamic-linker /lib64/ld-linux-x86-64.so.2 -o cmTC_1e104 /lib/../lib64/crt1.o /lib/../lib64/crti.o /cvmfs/larsoft.opensciencegrid.org/products/gcc/v12_1_0/Linux64bit+3.10-2.17/bin/../lib/gcc/x86_64-pc-linux-gnu/12.1.0/crtbegin.o -L/cvmfs/larsoft.opensciencegrid.org/products/gcc/v12_1_0/Linux64bit+3.10-2.17/bin/../lib/gcc/x86_64-pc-linux-gnu/12.1.0 -L/cvmfs/larsoft.opensciencegrid.org/products/gcc/v12_1_0/Linux64bit+3.10-2.17/bin/../lib/gcc -L/cvmfs/larsoft.opensciencegrid.org/products/gcc/v12_1_0/Linux64bit+3.10-2.17/bin/../lib/gcc/x86_64-pc-linux-gnu/12.1.0/../../../../lib64 -L/lib/../lib64 -L/usr/lib/../lib64 -L/cvmfs/larsoft.opensciencegrid.org/products/gcc/v12_1_0/Linux64bit+3.10-2.17/bin/../lib/gcc/x86_64-pc-linux-gnu/12.1.0/../../.. CMakeFiles/cmTC_1e104.dir/CMakeCXXCompilerABI.cpp.o -lstdc++ -lm -lgcc_s -lgcc -lc -lgcc_s -lgcc /cvmfs/larsoft.opensciencegrid.org/products/gcc/v12_1_0/Linux64bit+3.10-2.17/bin/../lib/gcc/x86_64-pc-linux-gnu/12.1.0/crtend.o /lib/../lib64/crtn.o]
    arg [/cvmfs/larsoft.opensciencegrid.org/products/gcc/v12_1_0/Linux64bit+3.10-2.17/bin/../libexec/gcc/x86_64-pc-linux-gnu/12.1.0/collect2] ==> ignore
    arg [-plugin] ==> ignore
    arg [/cvmfs/larsoft.opensciencegrid.org/products/gcc/v12_1_0/Linux64bit+3.10-2.17/bin/../libexec/gcc/x86_64-pc-linux-gnu/12.1.0/liblto_plugin.so] ==> ignore
    arg [-plugin-opt=/cvmfs/larsoft.opensciencegrid.org/products/gcc/v12_1_0/Linux64bit+3.10-2.17/bin/../libexec/gcc/x86_64-pc-linux-gnu/12.1.0/lto-wrapper] ==> ignore
    arg [-plugin-opt=-fresolution=/tmp/ccXcWM06.res] ==> ignore
    arg [-plugin-opt=-pass-through=-lgcc_s] ==> ignore
    arg [-plugin-opt=-pass-through=-lgcc] ==> ignore
    arg [-plugin-opt=-pass-through=-lc] ==> ignore
    arg [-plugin-opt=-pass-through=-lgcc_s] ==> ignore
    arg [-plugin-opt=-pass-through=-lgcc] ==> ignore
    arg [--eh-frame-hdr] ==> ignore
    arg [-m] ==> ignore
    arg [elf_x86_64] ==> ignore
    arg [-export-dynamic] ==> ignore
    arg [-dynamic-linker] ==> ignore
    arg [/lib64/ld-linux-x86-64.so.2] ==> ignore
    arg [-o] ==> ignore
    arg [cmTC_1e104] ==> ignore
    arg [/lib/../lib64/crt1.o] ==> obj [/lib/../lib64/crt1.o]
    arg [/lib/../lib64/crti.o] ==> obj [/lib/../lib64/crti.o]
    arg [/cvmfs/larsoft.opensciencegrid.org/products/gcc/v12_1_0/Linux64bit+3.10-2.17/bin/../lib/gcc/x86_64-pc-linux-gnu/12.1.0/crtbegin.o] ==> obj [/cvmfs/larsoft.opensciencegrid.org/products/gcc/v12_1_0/Linux64bit+3.10-2.17/bin/../lib/gcc/x86_64-pc-linux-gnu/12.1.0/crtbegin.o]
    arg [-L/cvmfs/larsoft.opensciencegrid.org/products/gcc/v12_1_0/Linux64bit+3.10-2.17/bin/../lib/gcc/x86_64-pc-linux-gnu/12.1.0] ==> dir [/cvmfs/larsoft.opensciencegrid.org/products/gcc/v12_1_0/Linux64bit+3.10-2.17/bin/../lib/gcc/x86_64-pc-linux-gnu/12.1.0]
    arg [-L/cvmfs/larsoft.opensciencegrid.org/products/gcc/v12_1_0/Linux64bit+3.10-2.17/bin/../lib/gcc] ==> dir [/cvmfs/larsoft.opensciencegrid.org/products/gcc/v12_1_0/Linux64bit+3.10-2.17/bin/../lib/gcc]
    arg [-L/cvmfs/larsoft.opensciencegrid.org/products/gcc/v12_1_0/Linux64bit+3.10-2.17/bin/../lib/gcc/x86_64-pc-linux-gnu/12.1.0/../../../../lib64] ==> dir [/cvmfs/larsoft.opensciencegrid.org/products/gcc/v12_1_0/Linux64bit+3.10-2.17/bin/../lib/gcc/x86_64-pc-linux-gnu/12.1.0/../../../../lib64]
    arg [-L/lib/../lib64] ==> dir [/lib/../lib64]
    arg [-L/usr/lib/../lib64] ==> dir [/usr/lib/../lib64]
    arg [-L/cvmfs/larsoft.opensciencegrid.org/products/gcc/v12_1_0/Linux64bit+3.10-2.17/bin/../lib/gcc/x86_64-pc-linux-gnu/12.1.0/../../..] ==> dir [/cvmfs/larsoft.opensciencegrid.org/products/gcc/v12_1_0/Linux64bit+3.10-2.17/bin/../lib/gcc/x86_64-pc-linux-gnu/12.1.0/../../..]
    arg [CMakeFiles/cmTC_1e104.dir/CMakeCXXCompilerABI.cpp.o] ==> ignore
    arg [-lstdc++] ==> lib [stdc++]
    arg [-lm] ==> lib [m]
    arg [-lgcc_s] ==> lib [gcc_s]
    arg [-lgcc] ==> lib [gcc]
    arg [-lc] ==> lib [c]
    arg [-lgcc_s] ==> lib [gcc_s]
    arg [-lgcc] ==> lib [gcc]
    arg [/cvmfs/larsoft.opensciencegrid.org/products/gcc/v12_1_0/Linux64bit+3.10-2.17/bin/../lib/gcc/x86_64-pc-linux-gnu/12.1.0/crtend.o] ==> obj [/cvmfs/larsoft.opensciencegrid.org/products/gcc/v12_1_0/Linux64bit+3.10-2.17/bin/../lib/gcc/x86_64-pc-linux-gnu/12.1.0/crtend.o]
    arg [/lib/../lib64/crtn.o] ==> obj [/lib/../lib64/crtn.o]
  collapse obj [/lib/../lib64/crt1.o] ==> [/lib64/crt1.o]
  collapse obj [/lib/../lib64/crti.o] ==> [/lib64/crti.o]
  collapse obj [/cvmfs/larsoft.opensciencegrid.org/products/gcc/v12_1_0/Linux64bit+3.10-2.17/bin/../lib/gcc/x86_64-pc-linux-gnu/12.1.0/crtbegin.o] ==> [/cvmfs/larsoft.opensciencegrid.org/products/gcc/v12_1_0/Linux64bit+3.10-2.17/lib/gcc/x86_64-pc-linux-gnu/12.1.0/crtbegin.o]
  collapse obj [/cvmfs/larsoft.opensciencegrid.org/products/gcc/v12_1_0/Linux64bit+3.10-2.17/bin/../lib/gcc/x86_64-pc-linux-gnu/12.1.0/crtend.o] ==> [/cvmfs/larsoft.opensciencegrid.org/products/gcc/v12_1_0/Linux64bit+3.10-2.17/lib/gcc/x86_64-pc-linux-gnu/12.1.0/crtend.o]
  collapse obj [/lib/../lib64/crtn.o] ==> [/lib64/crtn.o]
  collapse library dir [/cvmfs/larsoft.opensciencegrid.org/products/gcc/v12_1_0/Linux64bit+3.10-2.17/bin/../lib/gcc/x86_64-pc-linux-gnu/12.1.0] ==> [/cvmfs/larsoft.opensciencegrid.org/products/gcc/v12_1_0/Linux64bit+3.10-2.17/lib/gcc/x86_64-pc-linux-gnu/12.1.0]
  collapse library dir [/cvmfs/larsoft.opensciencegrid.org/products/gcc/v12_1_0/Linux64bit+3.10-2.17/bin/../lib/gcc] ==> [/cvmfs/larsoft.opensciencegrid.org/products/gcc/v12_1_0/Linux64bit+3.10-2.17/lib/gcc]
  collapse library dir [/cvmfs/larsoft.opensciencegrid.org/products/gcc/v12_1_0/Linux64bit+3.10-2.17/bin/../lib/gcc/x86_64-pc-linux-gnu/12.1.0/../../../../lib64] ==> [/cvmfs/larsoft.opensciencegrid.org/products/gcc/v12_1_0/Linux64bit+3.10-2.17/lib64]
  collapse library dir [/lib/../lib64] ==> [/lib64]
  collapse library dir [/usr/lib/../lib64] ==> [/usr/lib64]
  collapse library dir [/cvmfs/larsoft.opensciencegrid.org/products/gcc/v12_1_0/Linux64bit+3.10-2.17/bin/../lib/gcc/x86_64-pc-linux-gnu/12.1.0/../../..] ==> [/cvmfs/larsoft.opensciencegrid.org/products/gcc/v12_1_0/Linux64bit+3.10-2.17/lib]
  implicit libs: [stdc++;m;gcc_s;gcc;c;gcc_s;gcc]
  implicit objs: [/lib64/crt1.o;/lib64/crti.o;/cvmfs/larsoft.opensciencegrid.org/products/gcc/v12_1_0/Linux64bit+3.10-2.17/lib/gcc/x86_64-pc-linux-gnu/12.1.0/crtbegin.o;/cvmfs/larsoft.opensciencegrid.org/products/gcc/v12_1_0/Linux64bit+3.10-2.17/lib/gcc/x86_64-pc-linux-gnu/12.1.0/crtend.o;/lib64/crtn.o]
  implicit dirs: [/cvmfs/larsoft.opensciencegrid.org/products/gcc/v12_1_0/Linux64bit+3.10-2.17/lib/gcc/x86_64-pc-linux-gnu/12.1.0;/cvmfs/larsoft.opensciencegrid.org/products/gcc/v12_1_0/Linux64bit+3.10-2.17/lib/gcc;/cvmfs/larsoft.opensciencegrid.org/products/gcc/v12_1_0/Linux64bit+3.10-2.17/lib64;/lib64;/usr/lib64;/cvmfs/larsoft.opensciencegrid.org/products/gcc/v12_1_0/Linux64bit+3.10-2.17/lib]
  implicit fwks: []


Determining if the function pthread_create exists in the pthread passed with the following output:
Change Dir: /exp/uboone/app/users/nlane/NeutralKaonCode/srcs/ubana/ubana/PionMomentumLikelihood/Transformer/build/CMakeFiles/CMakeTmp

Run Build Command(s):/usr/bin/gmake -f Makefile cmTC_90e9f/fast && /usr/bin/gmake  -f CMakeFiles/cmTC_90e9f.dir/build.make CMakeFiles/cmTC_90e9f.dir/build
gmake[1]: Entering directory `/exp/uboone/app/users/nlane/NeutralKaonCode/srcs/ubana/ubana/PionMomentumLikelihood/Transformer/build/CMakeFiles/CMakeTmp'
Building C object CMakeFiles/cmTC_90e9f.dir/CheckFunctionExists.c.o
/cvmfs/larsoft.opensciencegrid.org/products/gcc/v12_1_0/Linux64bit+3.10-2.17/bin/cc   -DCHECK_FUNCTION_EXISTS=pthread_create -o CMakeFiles/cmTC_90e9f.dir/CheckFunctionExists.c.o -c /cvmfs/larsoft.opensciencegrid.org/products/cmake/v3_24_1/Linux64bit+3.10-2.17/share/cmake-3.24/Modules/CheckFunctionExists.c
Linking C executable cmTC_90e9f
/cvmfs/larsoft.opensciencegrid.org/products/cmake/v3_24_1/Linux64bit+3.10-2.17/bin/cmake -E cmake_link_script CMakeFiles/cmTC_90e9f.dir/link.txt --verbose=1
/cvmfs/larsoft.opensciencegrid.org/products/gcc/v12_1_0/Linux64bit+3.10-2.17/bin/cc  -DCHECK_FUNCTION_EXISTS=pthread_create -rdynamic CMakeFiles/cmTC_90e9f.dir/CheckFunctionExists.c.o -o cmTC_90e9f  -lpthread 
gmake[1]: Leaving directory `/exp/uboone/app/users/nlane/NeutralKaonCode/srcs/ubana/ubana/PionMomentumLikelihood/Transformer/build/CMakeFiles/CMakeTmp'



